<?xml version="1.0" encoding="UTF-8"?>
<!-- Generated by org.testng.reporters.JUnitReportReporter -->
<testsuite hostname="Lenovo" failures="0" tests="1" name="com.htc.testPages.VipTest" time="29.472" errors="0" timestamp="2021-03-17T12:14:56 PDT" skipped="0">
  <testcase classname="com.htc.testPages.VipTest" name="testVipPage" time="29.472"/>
  <system-out/>
</testsuite> <!-- com.htc.testPages.VipTest -->
