<?xml version="1.0" encoding="UTF-8"?>
<!-- Generated by org.testng.reporters.JUnitReportReporter -->
<testsuite hostname="Lenovo" failures="0" tests="2" name="com.htc.testPages.LoginTest" time="71.334" errors="0" timestamp="2021-03-17T07:28:20 PDT" skipped="0">
  <testcase classname="com.htc.testPages.LoginTest" name="TestvalidLogin" time="26.537"/>
  <system-out/>
  <testcase classname="com.htc.testPages.LoginTest" name="TestInvalidLogin" time="44.797"/>
  <system-out/>
</testsuite> <!-- com.htc.testPages.LoginTest -->
