<?xml version="1.0" encoding="UTF-8"?>
<!-- Generated by org.testng.reporters.JUnitReportReporter -->
<testsuite hostname="Lenovo" failures="0" tests="2" name="com.htc.testPages.LoginTest" time="46.630" errors="0" timestamp="2021-03-17T06:23:06 PDT" skipped="0">
  <testcase classname="com.htc.testPages.LoginTest" name="TestvalidLogin" time="22.930"/>
  <system-out/>
  <testcase classname="com.htc.testPages.LoginTest" name="TestInvalidLogin" time="23.700"/>
  <system-out/>
</testsuite> <!-- com.htc.testPages.LoginTest -->
