<?xml version="1.0" encoding="UTF-8"?>
<!-- Generated by org.testng.reporters.JUnitReportReporter -->
<testsuite hostname="Lenovo" failures="0" tests="1" name="com.htc.testPages.HomeElementsTest" time="31.627" errors="0" timestamp="2021-03-19T00:25:49 PDT" skipped="0">
  <testcase classname="com.htc.testPages.HomeElementsTest" name="TestHomePgae_Accessibility" time="31.627"/>
  <system-out/>
</testsuite> <!-- com.htc.testPages.HomeElementsTest -->
