<?xml version="1.0" encoding="UTF-8"?>
<!-- Generated by org.testng.reporters.JUnitReportReporter -->
<testsuite hostname="Lenovo" failures="0" tests="1" name="com.htc.TestPages.TestHomePage" time="31.579" errors="0" timestamp="2021-03-08T00:54:26 PST" skipped="0">
  <testcase classname="com.htc.TestPages.TestHomePage" name="TestHomePgae_Accessibility" time="31.579"/>
  <system-out/>
</testsuite> <!-- com.htc.TestPages.TestHomePage -->
