<?xml version="1.0" encoding="UTF-8"?>
<!-- Generated by org.testng.reporters.JUnitReportReporter -->
<testsuite hostname="Lenovo" failures="0" tests="2" name="com.htc.TestPages.LoginTest" time="33.962" errors="0" timestamp="2021-03-03T23:02:39 PST" skipped="0">
  <testcase classname="com.htc.TestPages.LoginTest" name="TestvalidLogin" time="19.170"/>
  <system-out/>
  <testcase classname="com.htc.TestPages.LoginTest" name="TestInvalidLogin" time="14.792"/>
  <system-out/>
</testsuite> <!-- com.htc.TestPages.LoginTest -->
