<?xml version="1.0" encoding="UTF-8"?>
<!-- Generated by org.testng.reporters.JUnitReportReporter -->
<testsuite hostname="Lenovo" failures="0" tests="1" name="com.htc.TestPages.TestHomePage" time="30.499" errors="0" timestamp="2021-02-26T02:57:36 PST" skipped="0">
  <testcase classname="com.htc.TestPages.TestHomePage" name="TestHomePgae_Accessibility" time="30.499"/>
  <system-out/>
</testsuite> <!-- com.htc.TestPages.TestHomePage -->
