<?xml version="1.0" encoding="UTF-8"?>
<!-- Generated by org.testng.reporters.JUnitReportReporter -->
<testsuite hostname="Lenovo" failures="0" tests="1" name="com.htc.TestPages.TestVipBillingPage" time="52.691" errors="0" timestamp="2021-03-04T01:38:37 PST" skipped="0">
  <testcase classname="com.htc.TestPages.TestVipBillingPage" name="VipBillingTest" time="52.691"/>
  <system-out/>
</testsuite> <!-- com.htc.TestPages.TestVipBillingPage -->
