<?xml version="1.0" encoding="UTF-8"?>
<!-- Generated by org.testng.reporters.JUnitReportReporter -->
<testsuite hostname="Lenovo" failures="0" tests="1" name="com.htc.testPages.VipTest" time="37.073" errors="0" timestamp="2021-03-19T00:25:50 PDT" skipped="0">
  <testcase classname="com.htc.testPages.VipTest" name="testVipPage" time="37.073"/>
  <system-out/>
</testsuite> <!-- com.htc.testPages.VipTest -->
