<?xml version="1.0" encoding="UTF-8"?>
<!-- Generated by org.testng.reporters.JUnitReportReporter -->
<testsuite hostname="Lenovo" failures="0" tests="2" name="com.htc.testPages.LoginTest" time="34.884" errors="0" timestamp="2021-03-17T12:14:57 PDT" skipped="0">
  <testcase classname="com.htc.testPages.LoginTest" name="TestvalidLogin" time="15.657"/>
  <system-out/>
  <testcase classname="com.htc.testPages.LoginTest" name="TestInvalidLogin" time="19.227"/>
  <system-out/>
</testsuite> <!-- com.htc.testPages.LoginTest -->
