<?xml version="1.0" encoding="UTF-8"?>
<!-- Generated by org.testng.reporters.JUnitReportReporter -->
<testsuite hostname="Lenovo" failures="0" tests="1" name="com.htc.TestPages.TestHomePage" time="34.165" errors="0" timestamp="2021-03-04T01:10:15 PST" skipped="0">
  <testcase classname="com.htc.TestPages.TestHomePage" name="TestHomePgae_Accessibility" time="34.165"/>
  <system-out/>
</testsuite> <!-- com.htc.TestPages.TestHomePage -->
