<?xml version="1.0" encoding="UTF-8"?>
<!-- Generated by org.testng.reporters.JUnitReportReporter -->
<testsuite hostname="Lenovo" failures="0" tests="2" name="com.htc.testPages.LoginTest" time="46.779" errors="0" timestamp="2021-03-16T13:49:25 PDT" skipped="0">
  <testcase classname="com.htc.testPages.LoginTest" name="TestvalidLogin" time="19.088"/>
  <system-out/>
  <testcase classname="com.htc.testPages.LoginTest" name="TestInvalidLogin" time="27.691"/>
  <system-out/>
</testsuite> <!-- com.htc.testPages.LoginTest -->
