<?xml version="1.0" encoding="UTF-8"?>
<!-- Generated by org.testng.reporters.JUnitReportReporter -->
<testsuite hostname="Lenovo" failures="0" tests="2" name="com.htc.TestPages.LoginTest" time="33.213" errors="0" timestamp="2021-03-04T01:02:12 PST" skipped="0">
  <testcase classname="com.htc.TestPages.LoginTest" name="TestvalidLogin" time="18.105"/>
  <system-out/>
  <testcase classname="com.htc.TestPages.LoginTest" name="TestInvalidLogin" time="15.108"/>
  <system-out/>
</testsuite> <!-- com.htc.TestPages.LoginTest -->
