<?xml version="1.0" encoding="UTF-8"?>
<!-- Generated by org.testng.reporters.JUnitReportReporter -->
<testsuite hostname="Lenovo" failures="0" tests="1" name="com.htc.testPages.HomeElementsTest" time="27.996" errors="0" timestamp="2021-03-09T23:21:24 PST" skipped="0">
  <testcase classname="com.htc.testPages.HomeElementsTest" name="TestHomePgae_Accessibility" time="27.996"/>
  <system-out/>
</testsuite> <!-- com.htc.testPages.HomeElementsTest -->
