<?xml version="1.0" encoding="UTF-8"?>
<!-- Generated by org.testng.reporters.JUnitReportReporter -->
<testsuite hostname="Lenovo" failures="0" tests="1" name="com.htc.TestPages.TestHomePage" time="28.874" errors="0" timestamp="2021-03-03T23:02:40 PST" skipped="0">
  <testcase classname="com.htc.TestPages.TestHomePage" name="TestHomePgae_Accessibility" time="28.874"/>
  <system-out/>
</testsuite> <!-- com.htc.TestPages.TestHomePage -->
