<?xml version="1.0" encoding="UTF-8"?>
<!-- Generated by org.testng.reporters.JUnitReportReporter -->
<testsuite hostname="Lenovo" failures="0" tests="1" name="com.htc.testPages.HomeElementsTest" time="50.845" errors="0" timestamp="2021-03-09T07:46:57 PST" skipped="0">
  <testcase classname="com.htc.testPages.HomeElementsTest" name="TestHomePgae_Accessibility" time="50.845"/>
  <system-out/>
</testsuite> <!-- com.htc.testPages.HomeElementsTest -->
