<?xml version="1.0" encoding="UTF-8"?>
<!-- Generated by org.testng.reporters.JUnitReportReporter -->
<testsuite hostname="Lenovo" failures="0" tests="2" name="com.htc.TestPages.LoginTest" time="30.920" errors="0" timestamp="2021-02-26T02:57:36 PST" skipped="0">
  <testcase classname="com.htc.TestPages.LoginTest" name="TestvalidLogin" time="13.820"/>
  <system-out/>
  <testcase classname="com.htc.TestPages.LoginTest" name="TestInvalidLogin" time="17.100"/>
  <system-out/>
</testsuite> <!-- com.htc.TestPages.LoginTest -->
