<?xml version="1.0" encoding="UTF-8"?>
<!-- Generated by org.testng.reporters.JUnitReportReporter -->
<testsuite hostname="Lenovo" failures="0" tests="2" name="com.htc.testPages.LoginTest" time="39.746" errors="0" timestamp="2021-03-09T23:21:24 PST" skipped="0">
  <testcase classname="com.htc.testPages.LoginTest" name="TestvalidLogin" time="23.127"/>
  <system-out/>
  <testcase classname="com.htc.testPages.LoginTest" name="TestInvalidLogin" time="16.619"/>
  <system-out/>
</testsuite> <!-- com.htc.testPages.LoginTest -->
