<?xml version="1.0" encoding="UTF-8"?>
<!-- Generated by org.testng.reporters.JUnitReportReporter -->
<testsuite hostname="Lenovo" failures="0" tests="2" name="com.htc.testPages.LoginTest" time="112.094" errors="0" timestamp="2021-03-09T07:46:57 PST" skipped="0">
  <testcase classname="com.htc.testPages.LoginTest" name="TestvalidLogin" time="35.992"/>
  <system-out/>
  <testcase classname="com.htc.testPages.LoginTest" name="TestInvalidLogin" time="76.102"/>
  <system-out/>
</testsuite> <!-- com.htc.testPages.LoginTest -->
