<?xml version="1.0" encoding="UTF-8"?>
<!-- Generated by org.testng.reporters.JUnitReportReporter -->
<testsuite hostname="Lenovo" failures="0" tests="1" name="com.htc.TestPages.TestVipPage" time="57.642" errors="0" timestamp="2021-03-03T23:38:23 PST" skipped="0">
  <testcase classname="com.htc.TestPages.TestVipPage" name="testVipPage" time="57.642"/>
  <system-out/>
</testsuite> <!-- com.htc.TestPages.TestVipPage -->
